  Source.cpp
c:\users\crist\source\repos\carnet por puntos eda 4\carnet por puntos eda 4\source.cpp(80): warning C4091: 'typedef ': se ha omitido a la izquierda de 'carnet::p' cuando no hay ninguna variable declarada
c:\users\crist\source\repos\carnet por puntos eda 4\carnet por puntos eda 4\hashmap_eda.h(222): warning C4018: '<': no coinciden signed/unsigned
  c:\users\crist\source\repos\carnet por puntos eda 4\carnet por puntos eda 4\hashmap_eda.h(220): note: durante la compilación de la función miembro de plantilla clase de 'void unordered_map<int,list<std::string>,std::hash<int>,std::equal_to<Clave>>::amplia(void)'
          with
          [
              Clave=int
          ]
  c:\users\crist\source\repos\carnet por puntos eda 4\carnet por puntos eda 4\hashmap_eda.h(137): note: vea la referencia a la creación de instancias de plantilla de función 'void unordered_map<int,list<std::string>,std::hash<int>,std::equal_to<Clave>>::amplia(void)' que se está compilando
          with
          [
              Clave=int
          ]
  c:\users\crist\source\repos\carnet por puntos eda 4\carnet por puntos eda 4\source.cpp(83): note: vea la referencia a la creación de instancias de plantilla clase de 'unordered_map<int,list<std::string>,std::hash<int>,std::equal_to<Clave>>' que se está compilando
          with
          [
              Clave=int
          ]
c:\users\crist\source\repos\carnet por puntos eda 4\carnet por puntos eda 4\hashmap_eda.h(180): warning C4018: '<': no coinciden signed/unsigned
  c:\users\crist\source\repos\carnet por puntos eda 4\carnet por puntos eda 4\hashmap_eda.h(179): note: durante la compilación de la función miembro de plantilla clase de 'void unordered_map<int,list<std::string>,std::hash<int>,std::equal_to<Clave>>::libera(void)'
          with
          [
              Clave=int
          ]
  c:\users\crist\source\repos\carnet por puntos eda 4\carnet por puntos eda 4\hashmap_eda.h(86): note: vea la referencia a la creación de instancias de plantilla de función 'void unordered_map<int,list<std::string>,std::hash<int>,std::equal_to<Clave>>::libera(void)' que se está compilando
          with
          [
              Clave=int
          ]
  Carnet por puntos eda 4.vcxproj -> C:\Users\crist\source\repos\Carnet por puntos eda 4\Debug\Carnet por puntos eda 4.exe
