  Source.cpp
c:\users\crist\source\repos\consultorio medico 2\consultorio medico 2\source.cpp(126): warning C4091: 'typedef ': se ha omitido a la izquierda de 'consultorio::tPaciente' cuando no hay ninguna variable declarada
c:\users\crist\source\repos\consultorio medico 2\consultorio medico 2\hashmap_eda.h(222): warning C4018: '<': no coinciden signed/unsigned
  c:\users\crist\source\repos\consultorio medico 2\consultorio medico 2\hashmap_eda.h(220): note: durante la compilación de la función miembro de plantilla clase de 'void unordered_map<std::string,list<std::string>,std::hash<Clave>,std::equal_to<Clave>>::amplia(void)'
          with
          [
              Clave=std::string
          ]
  c:\users\crist\source\repos\consultorio medico 2\consultorio medico 2\hashmap_eda.h(137): note: vea la referencia a la creación de instancias de plantilla de función 'void unordered_map<std::string,list<std::string>,std::hash<Clave>,std::equal_to<Clave>>::amplia(void)' que se está compilando
          with
          [
              Clave=std::string
          ]
  c:\users\crist\source\repos\consultorio medico 2\consultorio medico 2\source.cpp(129): note: vea la referencia a la creación de instancias de plantilla clase de 'unordered_map<std::string,list<std::string>,std::hash<Clave>,std::equal_to<Clave>>' que se está compilando
          with
          [
              Clave=std::string
          ]
c:\users\crist\source\repos\consultorio medico 2\consultorio medico 2\hashmap_eda.h(180): warning C4018: '<': no coinciden signed/unsigned
  c:\users\crist\source\repos\consultorio medico 2\consultorio medico 2\hashmap_eda.h(179): note: durante la compilación de la función miembro de plantilla clase de 'void unordered_map<std::string,list<std::string>,std::hash<Clave>,std::equal_to<Clave>>::libera(void)'
          with
          [
              Clave=std::string
          ]
  c:\users\crist\source\repos\consultorio medico 2\consultorio medico 2\hashmap_eda.h(86): note: vea la referencia a la creación de instancias de plantilla de función 'void unordered_map<std::string,list<std::string>,std::hash<Clave>,std::equal_to<Clave>>::libera(void)' que se está compilando
          with
          [
              Clave=std::string
          ]
c:\program files (x86)\microsoft visual studio\2017\enterprise\vc\tools\msvc\14.16.27023\include\xstddef(141): error C2678: '<' binario: no se encontró un operador que adopte un operando en la parte izquierda de tipo 'const _Ty' (o bien no existe una conversión aceptable)
          with
          [
              _Ty=fecha
          ]
  c:\program files (x86)\microsoft visual studio\2017\enterprise\vc\tools\msvc\14.16.27023\include\system_error(319): note: puede ser 'bool std::operator <(const std::error_condition &,const std::error_condition &) noexcept'
  c:\program files (x86)\microsoft visual studio\2017\enterprise\vc\tools\msvc\14.16.27023\include\system_error(312): note: o       'bool std::operator <(const std::error_code &,const std::error_code &) noexcept'
  c:\program files (x86)\microsoft visual studio\2017\enterprise\vc\tools\msvc\14.16.27023\include\xstddef(141): note: al hacer coincidir la lista de argumentos '(const _Ty, const _Ty)'
          with
          [
              _Ty=fecha
          ]
  c:\program files (x86)\microsoft visual studio\2017\enterprise\vc\tools\msvc\14.16.27023\include\xstddef(140): note: durante la compilación de la función miembro de plantilla clase de 'bool std::less<Clave>::operator ()(const _Ty &,const _Ty &) const'
          with
          [
              Clave=fecha,
              _Ty=fecha
          ]
  c:\users\crist\source\repos\consultorio medico 2\consultorio medico 2\treemap_eda.h(191): note: vea la referencia a la creación de instancias de plantilla de función 'bool std::less<Clave>::operator ()(const _Ty &,const _Ty &) const' que se está compilando
          with
          [
              Clave=fecha,
              _Ty=fecha
          ]
  c:\users\crist\source\repos\consultorio medico 2\consultorio medico 2\treemap_eda.h(57): note: vea la referencia a la creación de instancias de plantilla clase de 'std::less<Clave>' que se está compilando
          with
          [
              Clave=fecha
          ]
  c:\users\crist\source\repos\consultorio medico 2\consultorio medico 2\hashmap_eda.h(31): note: vea la referencia a la creación de instancias de plantilla clase de 'map<fecha,consultorio::tPaciente,std::less<Clave>>' que se está compilando
          with
          [
              Clave=fecha
          ]
  c:\users\crist\source\repos\consultorio medico 2\consultorio medico 2\source.cpp(42): note: vea la referencia a la creación de instancias de plantilla clase de 'unordered_map<std::string,map<fecha,consultorio::tPaciente,std::less<Clave>>,std::hash<std::basic_string<char,std::char_traits<char>,std::allocator<char>>>,std::equal_to<std::basic_string<char,std::char_traits<char>,std::allocator<char>>>>::clave_valor' que se está compilando
          with
          [
              Clave=fecha
          ]
