  Source.cpp
c:\users\crist\source\repos\eligiendo deporte eda 3\eligiendo deporte eda 3\source.cpp(14): warning C4091: 'typedef ': se ha omitido a la izquierda de 'tNinios' cuando no hay ninguna variable declarada
c:\users\crist\source\repos\eligiendo deporte eda 3\eligiendo deporte eda 3\hashmap_eda.h(222): warning C4018: '<': no coinciden signed/unsigned
  c:\users\crist\source\repos\eligiendo deporte eda 3\eligiendo deporte eda 3\hashmap_eda.h(220): note: durante la compilación de la función miembro de plantilla clase de 'void unordered_map<std::string,tNinios,std::hash<Clave>,std::equal_to<Clave>>::amplia(void)'
          with
          [
              Clave=std::string
          ]
  c:\users\crist\source\repos\eligiendo deporte eda 3\eligiendo deporte eda 3\hashmap_eda.h(137): note: vea la referencia a la creación de instancias de plantilla de función 'void unordered_map<std::string,tNinios,std::hash<Clave>,std::equal_to<Clave>>::amplia(void)' que se está compilando
          with
          [
              Clave=std::string
          ]
  c:\users\crist\source\repos\eligiendo deporte eda 3\eligiendo deporte eda 3\source.cpp(22): note: vea la referencia a la creación de instancias de plantilla clase de 'unordered_map<std::string,tNinios,std::hash<Clave>,std::equal_to<Clave>>' que se está compilando
          with
          [
              Clave=std::string
          ]
c:\users\crist\source\repos\eligiendo deporte eda 3\eligiendo deporte eda 3\hashmap_eda.h(180): warning C4018: '<': no coinciden signed/unsigned
  c:\users\crist\source\repos\eligiendo deporte eda 3\eligiendo deporte eda 3\hashmap_eda.h(179): note: durante la compilación de la función miembro de plantilla clase de 'void unordered_map<std::string,tNinios,std::hash<Clave>,std::equal_to<Clave>>::libera(void)'
          with
          [
              Clave=std::string
          ]
  c:\users\crist\source\repos\eligiendo deporte eda 3\eligiendo deporte eda 3\hashmap_eda.h(86): note: vea la referencia a la creación de instancias de plantilla de función 'void unordered_map<std::string,tNinios,std::hash<Clave>,std::equal_to<Clave>>::libera(void)' que se está compilando
          with
          [
              Clave=std::string
          ]
c:\users\crist\source\repos\eligiendo deporte eda 3\eligiendo deporte eda 3\hashmap_eda.h(301): warning C4018: '<': no coinciden signed/unsigned
  c:\users\crist\source\repos\eligiendo deporte eda 3\eligiendo deporte eda 3\hashmap_eda.h(297): note: durante la compilación de la función miembro de plantilla clase de 'void unordered_map<std::string,int,std::hash<Clave>,std::equal_to<Clave>>::Iterador<false>::next(void)'
          with
          [
              Clave=std::string
          ]
  c:\users\crist\source\repos\eligiendo deporte eda 3\eligiendo deporte eda 3\hashmap_eda.h(254): note: vea la referencia a la creación de instancias de plantilla de función 'void unordered_map<std::string,int,std::hash<Clave>,std::equal_to<Clave>>::Iterador<false>::next(void)' que se está compilando
          with
          [
              Clave=std::string
          ]
  c:\users\crist\source\repos\eligiendo deporte eda 3\eligiendo deporte eda 3\source.cpp(56): note: vea la referencia a la creación de instancias de plantilla clase de 'unordered_map<std::string,int,std::hash<Clave>,std::equal_to<Clave>>::Iterador<false>' que se está compilando
          with
          [
              Clave=std::string
          ]
c:\users\crist\source\repos\eligiendo deporte eda 3\eligiendo deporte eda 3\hashmap_eda.h(276): warning C4018: '<': no coinciden signed/unsigned
  c:\users\crist\source\repos\eligiendo deporte eda 3\eligiendo deporte eda 3\hashmap_eda.h(273): note: durante la compilación de la función miembro de plantilla clase de 'unordered_map<std::string,int,std::hash<Clave>,std::equal_to<Clave>>::Iterador<false>::Iterador(unordered_map<Clave,int,std::hash<Clave>,std::equal_to<Clave>> *,bool)'
          with
          [
              Clave=std::string
          ]
  c:\users\crist\source\repos\eligiendo deporte eda 3\eligiendo deporte eda 3\hashmap_eda.h(337): note: vea la referencia a la creación de instancias de plantilla de función 'unordered_map<std::string,int,std::hash<Clave>,std::equal_to<Clave>>::Iterador<false>::Iterador(unordered_map<Clave,int,std::hash<Clave>,std::equal_to<Clave>> *,bool)' que se está compilando
          with
          [
              Clave=std::string
          ]
c:\users\crist\source\repos\eligiendo deporte eda 3\eligiendo deporte eda 3\hashmap_eda.h(279): warning C4018: '<': no coinciden signed/unsigned
  Eligiendo deporte eda 3.vcxproj -> C:\Users\crist\source\repos\Eligiendo deporte eda 3\Debug\Eligiendo deporte eda 3.exe
